<?xml version="1.0" encoding="UTF-8"?>
<!-- Generated by org.testng.reporters.JUnitReportReporter -->
<testsuite hostname="LAPTOP-B8TJUCIE" failures="0" tests="1" name="com.ERP.TestCases.TC_CreateNewRFQ" time="51.214" errors="0" timestamp="2025-06-05T15:49:35 IST" skipped="0">
  <testcase classname="com.ERP.TestCases.TC_CreateNewRFQ" name="createNewRFQ" time="51.214"/>
  <system-out/>
</testsuite> <!-- com.ERP.TestCases.TC_CreateNewRFQ -->
