<?xml version="1.0" encoding="UTF-8"?>
<!-- Generated by org.testng.reporters.JUnitReportReporter -->
<testsuite hostname="LAPTOP-B8TJUCIE" failures="0" tests="1" name="com.ERP.TestCases.TC_CreateOE" time="6.223" errors="0" timestamp="2025-06-06T15:04:16 IST" skipped="0">
  <testcase classname="com.ERP.TestCases.TC_CreateOE" name="createNewOE" time="6.223"/>
  <system-out/>
</testsuite> <!-- com.ERP.TestCases.TC_CreateOE -->
