<?xml version="1.0" encoding="UTF-8"?>
<!-- Generated by org.testng.reporters.JUnitReportReporter -->
<testsuite hostname="LAPTOP-B8TJUCIE" failures="0" tests="1" name="com.ERP.TestCases.TC_VerifyLogin" time="0.324" errors="0" timestamp="2025-05-28T14:44:07 IST" skipped="0">
  <testcase classname="com.ERP.TestCases.TC_VerifyLogin" name="verifyLogin" time="0.324"/>
  <system-out/>
</testsuite> <!-- com.ERP.TestCases.TC_VerifyLogin -->
